<?xml version="1.0" encoding="UTF-8"?>
<!-- Generated by org.testng.reporters.JUnitReportReporter -->
<testsuite hostname="DESKTOP-UDG6QLR" failures="0" tests="1" name="Assertion.AssertNull" time="8.385" errors="0" timestamp="2024-11-15T16:38:15 IST" skipped="0">
  <testcase classname="Assertion.AssertNull" name="main" time="8.385"/>
  <system-out>
    <![CDATA[ i am in dws page]]>
  </system-out>
</testsuite> <!-- Assertion.AssertNull -->
