<?xml version="1.0" encoding="UTF-8"?>
<!-- Generated by org.testng.reporters.JUnitReportReporter -->
<testsuite hostname="DESKTOP-UDG6QLR" failures="0" tests="1" name="Basic.ReadFromXml" time="0.017" errors="0" timestamp="2024-11-15T15:03:20 IST" skipped="0">
  <testcase classname="Basic.ReadFromXml" name="main" time="0.017"/>
  <system-out/>
</testsuite> <!-- Basic.ReadFromXml -->
