<?xml version="1.0" encoding="UTF-8"?>
<!-- Generated by org.testng.reporters.JUnitReportReporter -->
<testsuite hostname="DESKTOP-UDG6QLR" failures="0" tests="1" name="Testng2.Adidas" time="11.605" errors="0" timestamp="2024-11-14T15:42:20 IST" skipped="0">
  <testcase classname="Testng2.Adidas" name="adidas" time="11.605"/>
  <system-out/>
</testsuite> <!-- Testng2.Adidas -->
