<?xml version="1.0" encoding="UTF-8"?>
<!-- Generated by org.testng.reporters.JUnitReportReporter -->
<testsuite hostname="DESKTOP-UDG6QLR" failures="0" tests="1" name="PageObjectModel.Login" time="9.199" errors="0" timestamp="2024-11-22T10:49:27 IST" skipped="0">
  <testcase classname="PageObjectModel.Login" name="main" time="9.199"/>
  <system-out/>
</testsuite> <!-- PageObjectModel.Login -->
