<?xml version="1.0" encoding="UTF-8"?>
<!-- Generated by org.testng.reporters.JUnitReportReporter -->
<testsuite hostname="DESKTOP-UDG6QLR" failures="0" tests="1" name="Testng1.Kawasaki" time="15.924" errors="0" timestamp="2024-11-14T15:42:20 IST" skipped="0">
  <testcase classname="Testng1.Kawasaki" name="kawasaki" time="15.924"/>
  <system-out/>
</testsuite> <!-- Testng1.Kawasaki -->
