<?xml version="1.0" encoding="UTF-8"?>
<!-- Generated by org.testng.reporters.JUnitReportReporter -->
<testsuite hostname="DESKTOP-UDG6QLR" failures="0" tests="1" name="Assertion.SoftAssert" time="9.073" errors="0" timestamp="2024-11-15T17:04:44 IST" skipped="0">
  <testcase classname="Assertion.SoftAssert" name="main" time="9.073"/>
  <system-out>
    <![CDATA[ i am in dws page]]>
  </system-out>
</testsuite> <!-- Assertion.SoftAssert -->
