<?xml version="1.0" encoding="UTF-8"?>
<!-- Generated by org.testng.reporters.JUnitReportReporter -->
<testsuite hostname="DESKTOP-UDG6QLR" failures="0" tests="1" name="Assertion.HardAssertion" time="8.569" errors="0" timestamp="2024-11-15T16:17:33 IST" skipped="0">
  <testcase classname="Assertion.HardAssertion" name="main" time="8.569"/>
  <system-out/>
</testsuite> <!-- Assertion.HardAssertion -->
