<?xml version="1.0" encoding="UTF-8"?>
<!-- Generated by org.testng.reporters.JUnitReportReporter -->
<testsuite hostname="DESKTOP-UDG6QLR" failures="0" tests="1" name="PageObjectModel.Register" time="20.619" errors="0" timestamp="2024-11-22T15:16:26 IST" skipped="0">
  <testcase classname="PageObjectModel.Register" name="main" time="20.619"/>
  <system-out/>
</testsuite> <!-- PageObjectModel.Register -->
