<?xml version="1.0" encoding="UTF-8"?>
<!-- Generated by org.testng.reporters.JUnitReportReporter -->
<testsuite hostname="DESKTOP-UDG6QLR" failures="0" tests="1" name="Basic.DataFormat" time="0.100" errors="0" timestamp="2024-11-26T14:34:20 IST" skipped="0">
  <testcase classname="Basic.DataFormat" name="main" time="0.100"/>
  <system-out/>
</testsuite> <!-- Basic.DataFormat -->
