<?xml version="1.0" encoding="UTF-8"?>
<!-- Generated by org.testng.reporters.JUnitReportReporter -->
<testsuite hostname="DESKTOP-UDG6QLR" failures="0" tests="1" name="Assertion.AssertTrue" time="9.188" errors="0" timestamp="2024-11-15T16:36:13 IST" skipped="0">
  <testcase classname="Assertion.AssertTrue" name="main" time="9.188"/>
  <system-out>
    <![CDATA[ i am in dws page]]>
  </system-out>
</testsuite> <!-- Assertion.AssertTrue -->
