<?xml version="1.0" encoding="UTF-8"?>
<!-- Generated by org.testng.reporters.JUnitReportReporter -->
<testsuite hostname="DESKTOP-UDG6QLR" failures="0" tests="1" name="Basic.ConfigurationAnnotation" time="0.016" errors="0" timestamp="2024-11-09T15:39:44 IST" skipped="0">
  <testcase classname="Basic.ConfigurationAnnotation" name="TestScript" time="0.016"/>
  <system-out/>
</testsuite> <!-- Basic.ConfigurationAnnotation -->
